c:\users\bitstream\desktop\tv\windows\c++\tvserver\x64\debug\vc142.pdb
c:\users\bitstream\desktop\tv\windows\c++\tvserver\x64\debug\vc142.idb
c:\users\bitstream\desktop\tv\windows\c++\tvserver\x64\debug\tvserver.obj
c:\users\bitstream\desktop\tv\windows\c++\tvserver\x64\debug\media.obj
c:\users\bitstream\desktop\tv\windows\c++\tvserver\x64\debug\filelist.obj
c:\users\bitstream\desktop\tv\windows\c++\tvserver\x64\debug\encode.obj
c:\users\bitstream\desktop\tv\windows\c++\tvserver\x64\debug\tvserver.exe
c:\users\bitstream\desktop\tv\windows\c++\tvserver\x64\debug\tvserver.ilk
c:\users\bitstream\desktop\tv\windows\c++\tvserver\x64\debug\tvserver.pdb
c:\users\bitstream\desktop\tv\windows\c++\tvserver\x64\debug\tvserver.exe.embed.manifest.res
c:\users\bitstream\desktop\tv\windows\c++\tvserver\x64\debug\tvserver.exe.embed.manifest
c:\users\bitstream\desktop\tv\windows\c++\tvserver\x64\debug\tvserver_manifest.rc
c:\users\bitstream\desktop\tv\windows\c++\tvserver\x64\debug\tvserver.tlog\cl.command.1.tlog
c:\users\bitstream\desktop\tv\windows\c++\tvserver\x64\debug\tvserver.tlog\cl.read.1.tlog
c:\users\bitstream\desktop\tv\windows\c++\tvserver\x64\debug\tvserver.tlog\cl.write.1.tlog
c:\users\bitstream\desktop\tv\windows\c++\tvserver\x64\debug\tvserver.tlog\link.command.1.tlog
c:\users\bitstream\desktop\tv\windows\c++\tvserver\x64\debug\tvserver.tlog\link.read.1.tlog
c:\users\bitstream\desktop\tv\windows\c++\tvserver\x64\debug\tvserver.tlog\link.write.1.tlog
c:\users\bitstream\desktop\tv\windows\c++\tvserver\x64\debug\tvserver.tlog\rc.command.1.tlog
c:\users\bitstream\desktop\tv\windows\c++\tvserver\x64\debug\tvserver.tlog\rc.read.1.tlog
c:\users\bitstream\desktop\tv\windows\c++\tvserver\x64\debug\tvserver.tlog\rc.write.1.tlog
