j:\tv\windows\c++\tvserver\x64\debug\vc142.pdb
j:\tv\windows\c++\tvserver\x64\debug\vc142.idb
j:\tv\windows\c++\tvserver\x64\debug\filelist.obj
j:\tv\windows\c++\tvserver\x64\debug\encode.obj
j:\tv\windows\c++\tvserver\x64\debug\tvserver.obj
j:\tv\windows\c++\tvserver\x64\debug\session.obj
j:\tv\windows\c++\tvserver\x64\debug\media.obj
j:\tv\windows\c++\tvserver\x64\debug\tvserver.exe
j:\tv\windows\c++\tvserver\x64\debug\tvserver.ilk
j:\tv\windows\c++\tvserver\x64\debug\tvserver.pdb
j:\tv\windows\c++\tvserver\x64\debug\tvserver.exe.embed.manifest.res
j:\tv\windows\c++\tvserver\x64\debug\media.obj.enc
j:\tv\windows\c++\tvserver\x64\debug\session.obj.enc
j:\tv\windows\c++\tvserver\x64\debug\tvserver.exe.embed.manifest
j:\tv\windows\c++\tvserver\x64\debug\tvserver_manifest.rc
j:\tv\windows\c++\tvserver\x64\debug\tvserver.tlog\cl.command.1.tlog
j:\tv\windows\c++\tvserver\x64\debug\tvserver.tlog\cl.read.1.tlog
j:\tv\windows\c++\tvserver\x64\debug\tvserver.tlog\cl.write.1.tlog
j:\tv\windows\c++\tvserver\x64\debug\tvserver.tlog\link.command.1.tlog
j:\tv\windows\c++\tvserver\x64\debug\tvserver.tlog\link.read.1.tlog
j:\tv\windows\c++\tvserver\x64\debug\tvserver.tlog\link.write.1.tlog
j:\tv\windows\c++\tvserver\x64\debug\tvserver.tlog\rc.command.1.tlog
j:\tv\windows\c++\tvserver\x64\debug\tvserver.tlog\rc.read.1.tlog
j:\tv\windows\c++\tvserver\x64\debug\tvserver.tlog\rc.write.1.tlog
